2026-07-06 19:02:26,888 [INFO] [MainThread] [root/log.py:104]: YASB v2.0.5
2026-07-06 19:02:26,890 [INFO] [CLIPipeServer] [cli_server/cli_server.py:216]: CLI server started v1.1.7
2026-07-06 19:02:26,890 [INFO] [MainThread] [cli_server/cli_server.py:106]: Log pipe server started
2026-07-06 19:02:27,556 [INFO] [MainThread] [root/service.py:52]: AudioOutputService starting...
2026-07-06 19:02:28,175 [INFO] [MainThread] [root/bar_manager.py:229]: Starting HotkeyListener...
2026-07-06 19:02:28,175 [INFO] [MainThread] [root/bar_manager.py:103]: Starting KomorebiEventListener...
2026-07-06 19:02:28,178 [INFO] [MainThread] [root/watcher.py:65]: Watching directory: c:\users\akarsh\.config\yasb
2026-07-06 19:02:28,178 [INFO] [MainThread] [root/watcher.py:104]: Created file watcher
2026-07-06 19:02:28,178 [INFO] [Dummy-7] [root/event_listener.py:54]: Created named pipe yasb-c29064a9-798e-11f1-91bd-c423605648a1
2026-07-06 19:02:28,198 [INFO] [MainThread] [root/update_service.py:434]: Background update checker started
2026-07-06 19:02:28,349 [INFO] [Dummy-7] [root/event_listener.py:147]: Komorebi connected to named pipe: yasb-c29064a9-798e-11f1-91bd-c423605648a1
2026-07-06 19:04:33,300 [INFO] [MainThread] [root/bar_manager.py:111]: Stopping HotkeyListener...
2026-07-06 19:04:33,307 [WARNING] [Dummy-7] [root/event_listener.py:95]: Pipe has been ended: (109, 'PeekNamedPipe', 'The pipe has been ended.')
2026-07-06 19:04:33,308 [INFO] [MainThread] [root/bar_manager.py:119]: Stopping KomorebiEventListener...
2026-07-06 19:04:33,308 [INFO] [Dummy-7] [root/event_listener.py:107]: Attempting to reconnect to Komorebi...
2026-07-06 19:06:03,581 [INFO] [MainThread] [root/log.py:104]: YASB v2.0.5
2026-07-06 19:06:03,584 [INFO] [CLIPipeServer] [cli_server/cli_server.py:216]: CLI server started v1.1.7
2026-07-06 19:06:03,584 [INFO] [MainThread] [cli_server/cli_server.py:106]: Log pipe server started
2026-07-06 19:06:04,400 [INFO] [MainThread] [root/service.py:52]: AudioOutputService starting...
2026-07-06 19:06:04,942 [INFO] [MainThread] [root/bar_manager.py:229]: Starting HotkeyListener...
2026-07-06 19:06:04,942 [INFO] [MainThread] [root/bar_manager.py:103]: Starting KomorebiEventListener...
2026-07-06 19:06:04,945 [INFO] [Dummy-6] [root/event_listener.py:54]: Created named pipe yasb-43c470a7-798f-11f1-a9bb-c423605648a1
2026-07-06 19:06:04,946 [INFO] [MainThread] [root/watcher.py:65]: Watching directory: c:\users\akarsh\.config\yasb
2026-07-06 19:06:04,946 [INFO] [MainThread] [root/watcher.py:104]: Created file watcher
2026-07-06 19:06:04,977 [INFO] [MainThread] [root/update_service.py:434]: Background update checker started
2026-07-06 19:06:05,139 [WARNING] [Dummy-6] [root/event_listener.py:134]: Komorebi failed to subscribe named pipe. Komorebi is not running, please start Komorebi.
2026-07-06 19:06:10,277 [INFO] [Dummy-6] [root/event_listener.py:147]: Komorebi connected to named pipe: yasb-43c470a7-798f-11f1-a9bb-c423605648a1
2026-07-06 19:21:58,818 [INFO] [MainThread] [root/controller.py:21]: Reloading Application because of config change.
2026-07-06 19:21:58,919 [INFO] [MainThread] [cli_server/cli_server.py:114]: Log pipe server stopped
2026-07-06 19:21:58,938 [INFO] [MainThread] [root/bar_manager.py:93]: Successfully loaded updated config and re-initialised all bars.
2026-07-06 19:21:59,022 [INFO] [MainThread] [root/bar_manager.py:111]: Stopping HotkeyListener...
2026-07-06 19:21:59,023 [INFO] [MainThread] [root/bar_manager.py:119]: Stopping KomorebiEventListener...
2026-07-06 19:21:59,666 [INFO] [MainThread] [root/log.py:104]: YASB v2.0.5
2026-07-06 19:21:59,668 [INFO] [CLIPipeServer] [cli_server/cli_server.py:216]: CLI server started v1.1.7
2026-07-06 19:21:59,668 [INFO] [MainThread] [cli_server/cli_server.py:106]: Log pipe server started
2026-07-06 19:22:00,347 [INFO] [MainThread] [root/service.py:52]: AudioOutputService starting...
2026-07-06 19:22:00,852 [INFO] [MainThread] [root/bar_manager.py:229]: Starting HotkeyListener...
2026-07-06 19:22:00,853 [INFO] [MainThread] [root/bar_manager.py:103]: Starting KomorebiEventListener...
2026-07-06 19:22:00,855 [INFO] [MainThread] [root/watcher.py:65]: Watching directory: c:\users\akarsh\.config\yasb
2026-07-06 19:22:00,855 [INFO] [MainThread] [root/watcher.py:104]: Created file watcher
2026-07-06 19:22:00,856 [INFO] [Dummy-7] [root/event_listener.py:54]: Created named pipe yasb-7d88deb4-7991-11f1-89d7-c423605648a1
2026-07-06 19:22:00,883 [INFO] [MainThread] [root/update_service.py:434]: Background update checker started
2026-07-06 19:22:01,072 [INFO] [Dummy-7] [root/event_listener.py:147]: Komorebi connected to named pipe: yasb-7d88deb4-7991-11f1-89d7-c423605648a1
2026-07-06 19:22:23,594 [INFO] [MainThread] [root/controller.py:21]: Reloading Application because of config change.
2026-07-06 19:22:23,697 [INFO] [MainThread] [cli_server/cli_server.py:114]: Log pipe server stopped
2026-07-06 19:22:23,709 [INFO] [MainThread] [root/bar_manager.py:93]: Successfully loaded updated config and re-initialised all bars.
2026-07-06 19:22:23,787 [INFO] [MainThread] [root/bar_manager.py:111]: Stopping HotkeyListener...
2026-07-06 19:22:23,790 [INFO] [MainThread] [root/bar_manager.py:119]: Stopping KomorebiEventListener...
2026-07-06 19:22:24,311 [INFO] [MainThread] [root/log.py:104]: YASB v2.0.5
2026-07-06 19:22:24,312 [INFO] [CLIPipeServer] [cli_server/cli_server.py:216]: CLI server started v1.1.7
2026-07-06 19:22:24,313 [INFO] [MainThread] [cli_server/cli_server.py:106]: Log pipe server started
2026-07-06 19:22:24,874 [INFO] [MainThread] [root/service.py:52]: AudioOutputService starting...
2026-07-06 19:22:25,377 [INFO] [MainThread] [root/bar_manager.py:229]: Starting HotkeyListener...
2026-07-06 19:22:25,378 [INFO] [MainThread] [root/bar_manager.py:103]: Starting KomorebiEventListener...
2026-07-06 19:22:25,380 [INFO] [MainThread] [root/watcher.py:65]: Watching directory: c:\users\akarsh\.config\yasb
2026-07-06 19:22:25,380 [INFO] [MainThread] [root/watcher.py:104]: Created file watcher
2026-07-06 19:22:25,381 [INFO] [Dummy-7] [root/event_listener.py:54]: Created named pipe yasb-8c270fd1-7991-11f1-9dce-c423605648a1
2026-07-06 19:22:25,400 [INFO] [MainThread] [root/update_service.py:434]: Background update checker started
2026-07-06 19:22:25,578 [INFO] [Dummy-7] [root/event_listener.py:147]: Komorebi connected to named pipe: yasb-8c270fd1-7991-11f1-9dce-c423605648a1
2026-07-06 19:23:01,587 [INFO] [MainThread] [root/controller.py:21]: Reloading Application because of config change.
2026-07-06 19:23:01,689 [INFO] [MainThread] [cli_server/cli_server.py:114]: Log pipe server stopped
2026-07-06 19:23:01,698 [INFO] [MainThread] [root/bar_manager.py:93]: Successfully loaded updated config and re-initialised all bars.
2026-07-06 19:23:01,777 [INFO] [MainThread] [root/bar_manager.py:111]: Stopping HotkeyListener...
2026-07-06 19:23:01,779 [INFO] [MainThread] [root/bar_manager.py:119]: Stopping KomorebiEventListener...
2026-07-06 19:23:02,299 [INFO] [MainThread] [root/log.py:104]: YASB v2.0.5
2026-07-06 19:23:02,300 [INFO] [CLIPipeServer] [cli_server/cli_server.py:216]: CLI server started v1.1.7
2026-07-06 19:23:02,300 [INFO] [MainThread] [cli_server/cli_server.py:106]: Log pipe server started
2026-07-06 19:23:02,863 [INFO] [MainThread] [root/service.py:52]: AudioOutputService starting...
2026-07-06 19:23:03,365 [INFO] [MainThread] [root/bar_manager.py:229]: Starting HotkeyListener...
2026-07-06 19:23:03,366 [INFO] [MainThread] [root/bar_manager.py:103]: Starting KomorebiEventListener...
2026-07-06 19:23:03,368 [INFO] [Dummy-6] [root/event_listener.py:54]: Created named pipe yasb-a2cb99d8-7991-11f1-8a55-c423605648a1
2026-07-06 19:23:03,368 [INFO] [MainThread] [root/watcher.py:65]: Watching directory: c:\users\akarsh\.config\yasb
2026-07-06 19:23:03,369 [INFO] [MainThread] [root/watcher.py:104]: Created file watcher
2026-07-06 19:23:03,388 [INFO] [MainThread] [root/update_service.py:434]: Background update checker started
2026-07-06 19:23:03,569 [INFO] [Dummy-6] [root/event_listener.py:147]: Komorebi connected to named pipe: yasb-a2cb99d8-7991-11f1-8a55-c423605648a1
2026-07-06 19:23:15,094 [INFO] [MainThread] [root/controller.py:21]: Reloading Application because of config change.
2026-07-06 19:23:15,198 [INFO] [MainThread] [cli_server/cli_server.py:114]: Log pipe server stopped
2026-07-06 19:23:15,209 [INFO] [MainThread] [root/bar_manager.py:93]: Successfully loaded updated config and re-initialised all bars.
2026-07-06 19:23:15,286 [INFO] [MainThread] [root/bar_manager.py:111]: Stopping HotkeyListener...
2026-07-06 19:23:15,287 [INFO] [MainThread] [root/bar_manager.py:119]: Stopping KomorebiEventListener...
2026-07-06 19:23:15,799 [INFO] [MainThread] [root/log.py:104]: YASB v2.0.5
2026-07-06 19:23:15,800 [INFO] [CLIPipeServer] [cli_server/cli_server.py:216]: CLI server started v1.1.7
2026-07-06 19:23:15,800 [INFO] [MainThread] [cli_server/cli_server.py:106]: Log pipe server started
2026-07-06 19:23:16,371 [INFO] [MainThread] [root/service.py:52]: AudioOutputService starting...
2026-07-06 19:23:16,876 [INFO] [MainThread] [root/bar_manager.py:229]: Starting HotkeyListener...
2026-07-06 19:23:16,876 [INFO] [MainThread] [root/bar_manager.py:103]: Starting KomorebiEventListener...
2026-07-06 19:23:16,879 [INFO] [Dummy-6] [root/event_listener.py:54]: Created named pipe yasb-aad9204a-7991-11f1-b425-c423605648a1
2026-07-06 19:23:16,879 [INFO] [MainThread] [root/watcher.py:65]: Watching directory: c:\users\akarsh\.config\yasb
2026-07-06 19:23:16,880 [INFO] [MainThread] [root/watcher.py:104]: Created file watcher
2026-07-06 19:23:16,897 [INFO] [MainThread] [root/update_service.py:434]: Background update checker started
2026-07-06 19:23:17,086 [INFO] [Dummy-6] [root/event_listener.py:147]: Komorebi connected to named pipe: yasb-aad9204a-7991-11f1-b425-c423605648a1
2026-07-06 19:23:26,919 [INFO] [MainThread] [root/controller.py:21]: Reloading Application because of config change.
2026-07-06 19:23:27,027 [INFO] [MainThread] [cli_server/cli_server.py:114]: Log pipe server stopped
2026-07-06 19:23:27,037 [INFO] [MainThread] [root/bar_manager.py:93]: Successfully loaded updated config and re-initialised all bars.
2026-07-06 19:23:27,116 [INFO] [MainThread] [root/bar_manager.py:111]: Stopping HotkeyListener...
2026-07-06 19:23:27,117 [INFO] [MainThread] [root/bar_manager.py:119]: Stopping KomorebiEventListener...
2026-07-06 19:23:27,634 [INFO] [MainThread] [root/log.py:104]: YASB v2.0.5
2026-07-06 19:23:27,636 [INFO] [CLIPipeServer] [cli_server/cli_server.py:216]: CLI server started v1.1.7
2026-07-06 19:23:27,636 [INFO] [MainThread] [cli_server/cli_server.py:106]: Log pipe server started
2026-07-06 19:23:28,200 [INFO] [MainThread] [root/service.py:52]: AudioOutputService starting...
2026-07-06 19:23:28,701 [INFO] [MainThread] [root/bar_manager.py:229]: Starting HotkeyListener...
2026-07-06 19:23:28,701 [INFO] [MainThread] [root/bar_manager.py:103]: Starting KomorebiEventListener...
2026-07-06 19:23:28,703 [INFO] [MainThread] [root/watcher.py:65]: Watching directory: c:\users\akarsh\.config\yasb
2026-07-06 19:23:28,704 [INFO] [MainThread] [root/watcher.py:104]: Created file watcher
2026-07-06 19:23:28,720 [INFO] [Dummy-7] [root/event_listener.py:54]: Created named pipe yasb-b1e57e19-7991-11f1-91ee-c423605648a1
2026-07-06 19:23:28,722 [INFO] [MainThread] [root/update_service.py:434]: Background update checker started
2026-07-06 19:23:28,909 [INFO] [Dummy-7] [root/event_listener.py:147]: Komorebi connected to named pipe: yasb-b1e57e19-7991-11f1-91ee-c423605648a1
2026-07-06 19:23:35,463 [INFO] [MainThread] [root/controller.py:21]: Reloading Application because of config change.
2026-07-06 19:23:35,579 [INFO] [MainThread] [cli_server/cli_server.py:114]: Log pipe server stopped
2026-07-06 19:23:35,589 [INFO] [MainThread] [root/bar_manager.py:93]: Successfully loaded updated config and re-initialised all bars.
2026-07-06 19:23:35,667 [INFO] [MainThread] [root/bar_manager.py:111]: Stopping HotkeyListener...
2026-07-06 19:23:35,669 [INFO] [MainThread] [root/bar_manager.py:119]: Stopping KomorebiEventListener...
2026-07-06 19:23:36,198 [INFO] [MainThread] [root/log.py:104]: YASB v2.0.5
2026-07-06 19:23:36,199 [INFO] [CLIPipeServer] [cli_server/cli_server.py:216]: CLI server started v1.1.7
2026-07-06 19:23:36,200 [INFO] [MainThread] [cli_server/cli_server.py:106]: Log pipe server started
2026-07-06 19:23:36,828 [INFO] [MainThread] [root/service.py:52]: AudioOutputService starting...
2026-07-06 19:23:37,438 [INFO] [MainThread] [taskbar_window_manager/window_manager.py:178]: TaskbarWindowManager is starting...
2026-07-06 19:23:37,444 [INFO] [MainThread] [root/bar_manager.py:229]: Starting HotkeyListener...
2026-07-06 19:23:37,444 [INFO] [MainThread] [root/bar_manager.py:103]: Starting KomorebiEventListener...
2026-07-06 19:23:37,445 [INFO] [MainThread] [root/watcher.py:65]: Watching directory: c:\users\akarsh\.config\yasb
2026-07-06 19:23:37,446 [INFO] [MainThread] [root/watcher.py:104]: Created file watcher
2026-07-06 19:23:37,446 [INFO] [Dummy-7] [root/event_listener.py:54]: Created named pipe yasb-b71b7167-7991-11f1-a750-c423605648a1
2026-07-06 19:23:37,463 [INFO] [MainThread] [root/update_service.py:434]: Background update checker started
2026-07-06 19:23:37,646 [INFO] [Dummy-7] [root/event_listener.py:147]: Komorebi connected to named pipe: yasb-b71b7167-7991-11f1-a750-c423605648a1
2026-07-06 19:24:00,457 [INFO] [MainThread] [root/controller.py:21]: Reloading Application because of config change.
2026-07-06 19:24:00,565 [INFO] [MainThread] [cli_server/cli_server.py:114]: Log pipe server stopped
2026-07-06 19:24:00,576 [INFO] [MainThread] [root/bar_manager.py:93]: Successfully loaded updated config and re-initialised all bars.
2026-07-06 19:24:00,673 [INFO] [MainThread] [root/bar_manager.py:111]: Stopping HotkeyListener...
2026-07-06 19:24:00,676 [INFO] [MainThread] [root/bar_manager.py:119]: Stopping KomorebiEventListener...
2026-07-06 19:24:00,678 [INFO] [MainThread] [taskbar_window_manager/window_manager.py:205]: TaskbarWindowManager stopped
2026-07-06 19:24:01,202 [INFO] [MainThread] [root/log.py:104]: YASB v2.0.5
2026-07-06 19:24:01,204 [INFO] [CLIPipeServer] [cli_server/cli_server.py:216]: CLI server started v1.1.7
2026-07-06 19:24:01,204 [INFO] [MainThread] [cli_server/cli_server.py:106]: Log pipe server started
2026-07-06 19:24:01,803 [INFO] [MainThread] [root/service.py:52]: AudioOutputService starting...
2026-07-06 19:24:02,403 [INFO] [MainThread] [taskbar_window_manager/window_manager.py:178]: TaskbarWindowManager is starting...
2026-07-06 19:24:02,407 [INFO] [MainThread] [root/bar_manager.py:229]: Starting HotkeyListener...
2026-07-06 19:24:02,407 [INFO] [MainThread] [root/bar_manager.py:103]: Starting KomorebiEventListener...
2026-07-06 19:24:02,409 [INFO] [Dummy-6] [root/event_listener.py:54]: Created named pipe yasb-c5fc9c56-7991-11f1-af53-c423605648a1
2026-07-06 19:24:02,409 [INFO] [MainThread] [root/watcher.py:65]: Watching directory: c:\users\akarsh\.config\yasb
2026-07-06 19:24:02,409 [INFO] [MainThread] [root/watcher.py:104]: Created file watcher
2026-07-06 19:24:02,427 [INFO] [MainThread] [root/update_service.py:434]: Background update checker started
2026-07-06 19:24:02,608 [INFO] [Dummy-6] [root/event_listener.py:147]: Komorebi connected to named pipe: yasb-c5fc9c56-7991-11f1-af53-c423605648a1
2026-07-06 19:24:17,062 [INFO] [MainThread] [root/controller.py:21]: Reloading Application because of config change.
2026-07-06 19:24:17,163 [INFO] [MainThread] [cli_server/cli_server.py:114]: Log pipe server stopped
2026-07-06 19:24:17,172 [INFO] [MainThread] [root/bar_manager.py:93]: Successfully loaded updated config and re-initialised all bars.
2026-07-06 19:24:17,255 [INFO] [MainThread] [root/bar_manager.py:111]: Stopping HotkeyListener...
2026-07-06 19:24:17,257 [INFO] [MainThread] [root/bar_manager.py:119]: Stopping KomorebiEventListener...
2026-07-06 19:24:17,259 [INFO] [MainThread] [taskbar_window_manager/window_manager.py:205]: TaskbarWindowManager stopped
2026-07-06 19:24:17,776 [INFO] [MainThread] [root/log.py:104]: YASB v2.0.5
2026-07-06 19:24:17,778 [INFO] [CLIPipeServer] [cli_server/cli_server.py:216]: CLI server started v1.1.7
2026-07-06 19:24:17,778 [INFO] [MainThread] [cli_server/cli_server.py:106]: Log pipe server started
2026-07-06 19:24:18,378 [INFO] [MainThread] [root/service.py:52]: AudioOutputService starting...
2026-07-06 19:24:18,986 [INFO] [MainThread] [taskbar_window_manager/window_manager.py:178]: TaskbarWindowManager is starting...
2026-07-06 19:24:18,990 [INFO] [MainThread] [root/bar_manager.py:229]: Starting HotkeyListener...
2026-07-06 19:24:18,990 [INFO] [MainThread] [root/bar_manager.py:103]: Starting KomorebiEventListener...
2026-07-06 19:24:18,992 [INFO] [Dummy-6] [root/event_listener.py:54]: Created named pipe yasb-cfdee558-7991-11f1-a450-c423605648a1
2026-07-06 19:24:18,992 [INFO] [MainThread] [root/watcher.py:65]: Watching directory: c:\users\akarsh\.config\yasb
2026-07-06 19:24:18,992 [INFO] [MainThread] [root/watcher.py:104]: Created file watcher
2026-07-06 19:24:19,009 [INFO] [MainThread] [root/update_service.py:434]: Background update checker started
2026-07-06 19:24:19,191 [INFO] [Dummy-6] [root/event_listener.py:147]: Komorebi connected to named pipe: yasb-cfdee558-7991-11f1-a450-c423605648a1
2026-07-06 19:24:25,085 [INFO] [MainThread] [root/controller.py:21]: Reloading Application because of config change.
2026-07-06 19:24:25,199 [INFO] [MainThread] [cli_server/cli_server.py:114]: Log pipe server stopped
2026-07-06 19:24:25,210 [INFO] [MainThread] [root/bar_manager.py:93]: Successfully loaded updated config and re-initialised all bars.
2026-07-06 19:24:25,294 [INFO] [MainThread] [root/bar_manager.py:111]: Stopping HotkeyListener...
2026-07-06 19:24:25,296 [INFO] [MainThread] [root/bar_manager.py:119]: Stopping KomorebiEventListener...
2026-07-06 19:24:25,297 [INFO] [MainThread] [taskbar_window_manager/window_manager.py:205]: TaskbarWindowManager stopped
2026-07-06 19:24:25,805 [INFO] [MainThread] [root/log.py:104]: YASB v2.0.5
2026-07-06 19:24:25,806 [INFO] [CLIPipeServer] [cli_server/cli_server.py:216]: CLI server started v1.1.7
2026-07-06 19:24:25,807 [INFO] [MainThread] [cli_server/cli_server.py:106]: Log pipe server started
2026-07-06 19:24:26,398 [INFO] [MainThread] [root/service.py:52]: AudioOutputService starting...
2026-07-06 19:24:27,004 [INFO] [MainThread] [taskbar_window_manager/window_manager.py:178]: TaskbarWindowManager is starting...
2026-07-06 19:24:27,008 [INFO] [MainThread] [root/bar_manager.py:229]: Starting HotkeyListener...
2026-07-06 19:24:27,009 [INFO] [MainThread] [root/bar_manager.py:103]: Starting KomorebiEventListener...
2026-07-06 19:24:27,010 [INFO] [Dummy-6] [root/event_listener.py:54]: Created named pipe yasb-d4a66f91-7991-11f1-a9cf-c423605648a1
2026-07-06 19:24:27,010 [INFO] [MainThread] [root/watcher.py:65]: Watching directory: c:\users\akarsh\.config\yasb
2026-07-06 19:24:27,011 [INFO] [MainThread] [root/watcher.py:104]: Created file watcher
2026-07-06 19:24:27,027 [INFO] [MainThread] [root/update_service.py:434]: Background update checker started
2026-07-06 19:24:27,209 [INFO] [Dummy-6] [root/event_listener.py:147]: Komorebi connected to named pipe: yasb-d4a66f91-7991-11f1-a9cf-c423605648a1
2026-07-06 19:26:26,630 [INFO] [MainThread] [root/controller.py:21]: Reloading Application because of config change.
2026-07-06 19:26:26,742 [INFO] [MainThread] [cli_server/cli_server.py:114]: Log pipe server stopped
2026-07-06 19:26:26,752 [INFO] [MainThread] [root/bar_manager.py:93]: Successfully loaded updated config and re-initialised all bars.
2026-07-06 19:26:26,827 [INFO] [MainThread] [root/bar_manager.py:111]: Stopping HotkeyListener...
2026-07-06 19:26:26,830 [INFO] [MainThread] [root/bar_manager.py:119]: Stopping KomorebiEventListener...
2026-07-06 19:26:26,833 [INFO] [MainThread] [taskbar_window_manager/window_manager.py:205]: TaskbarWindowManager stopped
2026-07-06 19:26:27,358 [INFO] [MainThread] [root/log.py:104]: YASB v2.0.5
2026-07-06 19:26:27,359 [INFO] [CLIPipeServer] [cli_server/cli_server.py:216]: CLI server started v1.1.7
2026-07-06 19:26:27,359 [INFO] [MainThread] [cli_server/cli_server.py:106]: Log pipe server started
2026-07-06 19:26:27,494 [WARNING] [MainThread] [root/widget_builder.py:39]: No widget config could be found for widget 'komorebi_active_layout
2026-07-06 19:26:27,935 [INFO] [MainThread] [root/service.py:52]: AudioOutputService starting...
2026-07-06 19:26:28,567 [INFO] [MainThread] [taskbar_window_manager/window_manager.py:178]: TaskbarWindowManager is starting...
2026-07-06 19:26:28,571 [INFO] [MainThread] [root/bar_manager.py:229]: Starting HotkeyListener...
2026-07-06 19:26:28,571 [INFO] [MainThread] [root/bar_manager.py:103]: Starting KomorebiEventListener...
2026-07-06 19:26:28,571 [ERROR] [MainThread] [root/widget_builder.py:100]: Failed to add undefined widget(s)  - The widget "komorebi_active_layout" is undefined.
2026-07-06 19:26:28,574 [INFO] [Dummy-5] [root/event_listener.py:54]: Created named pipe yasb-1d1b6c8f-7992-11f1-99e5-c423605648a1
2026-07-06 19:26:28,602 [INFO] [MainThread] [root/watcher.py:65]: Watching directory: c:\users\akarsh\.config\yasb
2026-07-06 19:26:28,602 [INFO] [MainThread] [root/watcher.py:104]: Created file watcher
2026-07-06 19:26:28,621 [INFO] [MainThread] [root/update_service.py:434]: Background update checker started
2026-07-06 19:26:28,743 [INFO] [Dummy-5] [root/event_listener.py:147]: Komorebi connected to named pipe: yasb-1d1b6c8f-7992-11f1-99e5-c423605648a1
2026-07-06 19:28:08,452 [INFO] [MainThread] [root/controller.py:21]: Reloading Application because of config change.
2026-07-06 19:28:08,566 [INFO] [MainThread] [cli_server/cli_server.py:114]: Log pipe server stopped
2026-07-06 19:28:08,577 [INFO] [MainThread] [root/bar_manager.py:93]: Successfully loaded updated config and re-initialised all bars.
2026-07-06 19:28:08,616 [INFO] [MainThread] [root/bar_manager.py:111]: Stopping HotkeyListener...
2026-07-06 19:28:08,619 [INFO] [MainThread] [root/bar_manager.py:119]: Stopping KomorebiEventListener...
2026-07-06 19:28:08,623 [INFO] [MainThread] [taskbar_window_manager/window_manager.py:205]: TaskbarWindowManager stopped
2026-07-06 19:28:09,173 [INFO] [MainThread] [root/log.py:104]: YASB v2.0.5
2026-07-06 19:28:09,174 [INFO] [CLIPipeServer] [cli_server/cli_server.py:216]: CLI server started v1.1.7
2026-07-06 19:28:09,175 [INFO] [MainThread] [cli_server/cli_server.py:106]: Log pipe server started
2026-07-06 19:28:09,760 [INFO] [MainThread] [root/service.py:52]: AudioOutputService starting...
2026-07-06 19:28:10,344 [INFO] [MainThread] [taskbar_window_manager/window_manager.py:178]: TaskbarWindowManager is starting...
2026-07-06 19:28:10,349 [INFO] [MainThread] [root/bar_manager.py:229]: Starting HotkeyListener...
2026-07-06 19:28:10,349 [INFO] [MainThread] [root/bar_manager.py:103]: Starting KomorebiEventListener...
2026-07-06 19:28:10,351 [INFO] [MainThread] [root/watcher.py:65]: Watching directory: c:\users\akarsh\.config\yasb
2026-07-06 19:28:10,351 [INFO] [MainThread] [root/watcher.py:104]: Created file watcher
2026-07-06 19:28:10,352 [INFO] [Dummy-7] [root/event_listener.py:54]: Created named pipe yasb-59c5821d-7992-11f1-849b-c423605648a1
2026-07-06 19:28:10,371 [INFO] [MainThread] [root/update_service.py:434]: Background update checker started
2026-07-06 19:28:10,560 [INFO] [Dummy-7] [root/event_listener.py:147]: Komorebi connected to named pipe: yasb-59c5821d-7992-11f1-849b-c423605648a1
2026-07-06 19:28:43,478 [INFO] [MainThread] [root/controller.py:21]: Reloading Application because of config change.
2026-07-06 19:28:43,592 [INFO] [MainThread] [cli_server/cli_server.py:114]: Log pipe server stopped
2026-07-06 19:28:43,602 [INFO] [MainThread] [root/bar_manager.py:93]: Successfully loaded updated config and re-initialised all bars.
2026-07-06 19:28:43,694 [INFO] [MainThread] [root/bar_manager.py:111]: Stopping HotkeyListener...
2026-07-06 19:28:43,697 [INFO] [MainThread] [root/bar_manager.py:119]: Stopping KomorebiEventListener...
2026-07-06 19:28:43,699 [INFO] [MainThread] [taskbar_window_manager/window_manager.py:205]: TaskbarWindowManager stopped
2026-07-06 19:28:44,236 [INFO] [MainThread] [root/log.py:104]: YASB v2.0.5
2026-07-06 19:28:44,238 [INFO] [CLIPipeServer] [cli_server/cli_server.py:216]: CLI server started v1.1.7
2026-07-06 19:28:44,238 [INFO] [MainThread] [cli_server/cli_server.py:106]: Log pipe server started
2026-07-06 19:28:44,831 [INFO] [MainThread] [root/service.py:52]: AudioOutputService starting...
2026-07-06 19:28:45,495 [INFO] [MainThread] [taskbar_window_manager/window_manager.py:178]: TaskbarWindowManager is starting...
2026-07-06 19:28:45,500 [INFO] [MainThread] [root/bar_manager.py:229]: Starting HotkeyListener...
2026-07-06 19:28:45,500 [INFO] [MainThread] [root/bar_manager.py:103]: Starting KomorebiEventListener...
2026-07-06 19:28:45,502 [INFO] [MainThread] [root/watcher.py:65]: Watching directory: c:\users\akarsh\.config\yasb
2026-07-06 19:28:45,502 [INFO] [MainThread] [root/watcher.py:104]: Created file watcher
2026-07-06 19:28:45,510 [INFO] [Dummy-7] [root/event_listener.py:54]: Created named pipe yasb-6eb9153e-7992-11f1-a141-c423605648a1
2026-07-06 19:28:45,520 [INFO] [MainThread] [root/update_service.py:434]: Background update checker started
2026-07-06 19:28:45,714 [INFO] [Dummy-7] [root/event_listener.py:147]: Komorebi connected to named pipe: yasb-6eb9153e-7992-11f1-a141-c423605648a1
2026-07-06 19:28:52,363 [INFO] [MainThread] [root/controller.py:21]: Reloading Application because of config change.
2026-07-06 19:28:52,466 [INFO] [MainThread] [cli_server/cli_server.py:114]: Log pipe server stopped
2026-07-06 19:28:52,477 [INFO] [MainThread] [root/bar_manager.py:93]: Successfully loaded updated config and re-initialised all bars.
2026-07-06 19:28:52,566 [INFO] [MainThread] [root/bar_manager.py:111]: Stopping HotkeyListener...
2026-07-06 19:28:52,568 [INFO] [MainThread] [root/bar_manager.py:119]: Stopping KomorebiEventListener...
2026-07-06 19:28:52,569 [INFO] [MainThread] [taskbar_window_manager/window_manager.py:205]: TaskbarWindowManager stopped
2026-07-06 19:28:53,072 [INFO] [MainThread] [root/log.py:104]: YASB v2.0.5
2026-07-06 19:28:53,073 [INFO] [CLIPipeServer] [cli_server/cli_server.py:216]: CLI server started v1.1.7
2026-07-06 19:28:53,074 [INFO] [MainThread] [cli_server/cli_server.py:106]: Log pipe server started
2026-07-06 19:28:53,658 [INFO] [MainThread] [root/service.py:52]: AudioOutputService starting...
2026-07-06 19:28:54,248 [INFO] [MainThread] [taskbar_window_manager/window_manager.py:178]: TaskbarWindowManager is starting...
2026-07-06 19:28:54,255 [INFO] [MainThread] [root/bar_manager.py:229]: Starting HotkeyListener...
2026-07-06 19:28:54,255 [INFO] [MainThread] [root/bar_manager.py:103]: Starting KomorebiEventListener...
2026-07-06 19:28:54,257 [INFO] [MainThread] [root/watcher.py:65]: Watching directory: c:\users\akarsh\.config\yasb
2026-07-06 19:28:54,257 [INFO] [MainThread] [root/watcher.py:104]: Created file watcher
2026-07-06 19:28:54,257 [INFO] [Dummy-7] [root/event_listener.py:54]: Created named pipe yasb-73f10506-7992-11f1-b33e-c423605648a1
2026-07-06 19:28:54,274 [INFO] [MainThread] [root/update_service.py:434]: Background update checker started
2026-07-06 19:28:54,491 [INFO] [Dummy-7] [root/event_listener.py:147]: Komorebi connected to named pipe: yasb-73f10506-7992-11f1-b33e-c423605648a1
2026-07-06 19:28:54,989 [INFO] [MainThread] [root/controller.py:21]: Reloading Application because of config change.
2026-07-06 19:28:55,092 [INFO] [MainThread] [cli_server/cli_server.py:114]: Log pipe server stopped
2026-07-06 19:28:55,102 [INFO] [MainThread] [root/bar_manager.py:93]: Successfully loaded updated config and re-initialised all bars.
2026-07-06 19:28:55,181 [INFO] [MainThread] [root/bar_manager.py:111]: Stopping HotkeyListener...
2026-07-06 19:28:55,181 [INFO] [MainThread] [root/bar_manager.py:119]: Stopping KomorebiEventListener...
2026-07-06 19:28:55,182 [INFO] [MainThread] [taskbar_window_manager/window_manager.py:205]: TaskbarWindowManager stopped
2026-07-06 19:28:55,727 [INFO] [MainThread] [root/log.py:104]: YASB v2.0.5
2026-07-06 19:28:55,728 [INFO] [CLIPipeServer] [cli_server/cli_server.py:216]: CLI server started v1.1.7
2026-07-06 19:28:55,729 [INFO] [MainThread] [cli_server/cli_server.py:106]: Log pipe server started
2026-07-06 19:28:56,338 [INFO] [MainThread] [root/service.py:52]: AudioOutputService starting...
2026-07-06 19:28:56,940 [INFO] [MainThread] [taskbar_window_manager/window_manager.py:178]: TaskbarWindowManager is starting...
2026-07-06 19:28:56,945 [INFO] [MainThread] [root/bar_manager.py:229]: Starting HotkeyListener...
2026-07-06 19:28:56,945 [INFO] [MainThread] [root/bar_manager.py:103]: Starting KomorebiEventListener...
2026-07-06 19:28:56,947 [INFO] [Dummy-6] [root/event_listener.py:54]: Created named pipe yasb-758b6f3a-7992-11f1-b6e1-c423605648a1
2026-07-06 19:28:56,947 [INFO] [MainThread] [root/watcher.py:65]: Watching directory: c:\users\akarsh\.config\yasb
2026-07-06 19:28:56,947 [INFO] [MainThread] [root/watcher.py:104]: Created file watcher
2026-07-06 19:28:56,964 [INFO] [MainThread] [root/update_service.py:434]: Background update checker started
2026-07-06 19:28:57,142 [INFO] [Dummy-6] [root/event_listener.py:147]: Komorebi connected to named pipe: yasb-758b6f3a-7992-11f1-b6e1-c423605648a1
2026-07-06 19:29:17,926 [INFO] [MainThread] [root/controller.py:21]: Reloading Application from tray...
2026-07-06 19:29:18,031 [INFO] [MainThread] [cli_server/cli_server.py:114]: Log pipe server stopped
2026-07-06 19:29:18,147 [INFO] [MainThread] [root/bar_manager.py:111]: Stopping HotkeyListener...
2026-07-06 19:29:18,148 [INFO] [MainThread] [root/bar_manager.py:119]: Stopping KomorebiEventListener...
2026-07-06 19:29:18,149 [INFO] [MainThread] [taskbar_window_manager/window_manager.py:205]: TaskbarWindowManager stopped
2026-07-06 19:29:18,633 [INFO] [MainThread] [root/log.py:104]: YASB v2.0.5
2026-07-06 19:29:18,634 [INFO] [CLIPipeServer] [cli_server/cli_server.py:216]: CLI server started v1.1.7
2026-07-06 19:29:18,634 [INFO] [MainThread] [cli_server/cli_server.py:106]: Log pipe server started
2026-07-06 19:29:19,240 [INFO] [MainThread] [root/service.py:52]: AudioOutputService starting...
2026-07-06 19:29:19,851 [INFO] [MainThread] [taskbar_window_manager/window_manager.py:178]: TaskbarWindowManager is starting...
2026-07-06 19:29:19,855 [INFO] [MainThread] [root/bar_manager.py:229]: Starting HotkeyListener...
2026-07-06 19:29:19,855 [INFO] [MainThread] [root/bar_manager.py:103]: Starting KomorebiEventListener...
2026-07-06 19:29:19,857 [INFO] [MainThread] [root/watcher.py:65]: Watching directory: c:\users\akarsh\.config\yasb
2026-07-06 19:29:19,857 [INFO] [MainThread] [root/watcher.py:104]: Created file watcher
2026-07-06 19:29:19,858 [INFO] [Dummy-7] [root/event_listener.py:54]: Created named pipe yasb-83334acf-7992-11f1-a151-c423605648a1
2026-07-06 19:29:20,035 [INFO] [MainThread] [root/update_service.py:434]: Background update checker started
2026-07-06 19:29:20,224 [INFO] [Dummy-7] [root/event_listener.py:147]: Komorebi connected to named pipe: yasb-83334acf-7992-11f1-a151-c423605648a1
2026-07-06 19:30:02,004 [INFO] [MainThread] [root/controller.py:21]: Reloading Application because of config change.
2026-07-06 19:30:02,113 [INFO] [MainThread] [cli_server/cli_server.py:114]: Log pipe server stopped
2026-07-06 19:30:02,123 [INFO] [MainThread] [root/bar_manager.py:93]: Successfully loaded updated config and re-initialised all bars.
2026-07-06 19:30:02,209 [INFO] [MainThread] [root/bar_manager.py:111]: Stopping HotkeyListener...
2026-07-06 19:30:02,212 [INFO] [MainThread] [root/bar_manager.py:119]: Stopping KomorebiEventListener...
2026-07-06 19:30:02,214 [INFO] [MainThread] [taskbar_window_manager/window_manager.py:205]: TaskbarWindowManager stopped
2026-07-06 19:30:02,728 [INFO] [MainThread] [root/log.py:104]: YASB v2.0.5
2026-07-06 19:30:02,730 [INFO] [CLIPipeServer] [cli_server/cli_server.py:216]: CLI server started v1.1.7
2026-07-06 19:30:02,730 [INFO] [MainThread] [cli_server/cli_server.py:106]: Log pipe server started
2026-07-06 19:30:03,314 [INFO] [MainThread] [root/service.py:52]: AudioOutputService starting...
2026-07-06 19:30:03,906 [INFO] [MainThread] [taskbar_window_manager/window_manager.py:178]: TaskbarWindowManager is starting...
2026-07-06 19:30:03,911 [INFO] [MainThread] [root/bar_manager.py:229]: Starting HotkeyListener...
2026-07-06 19:30:03,912 [INFO] [MainThread] [root/bar_manager.py:103]: Starting KomorebiEventListener...
2026-07-06 19:30:03,913 [INFO] [MainThread] [root/watcher.py:65]: Watching directory: c:\users\akarsh\.config\yasb
2026-07-06 19:30:03,913 [INFO] [MainThread] [root/watcher.py:104]: Created file watcher
2026-07-06 19:30:03,913 [INFO] [Dummy-7] [root/event_listener.py:54]: Created named pipe yasb-9d75c2d5-7992-11f1-a6c0-c423605648a1
2026-07-06 19:30:03,931 [INFO] [MainThread] [root/update_service.py:434]: Background update checker started
2026-07-06 19:30:04,110 [INFO] [Dummy-7] [root/event_listener.py:147]: Komorebi connected to named pipe: yasb-9d75c2d5-7992-11f1-a6c0-c423605648a1
2026-07-06 19:30:09,302 [INFO] [MainThread] [root/controller.py:21]: Reloading Application because of config change.
2026-07-06 19:30:09,413 [INFO] [MainThread] [cli_server/cli_server.py:114]: Log pipe server stopped
2026-07-06 19:30:09,425 [INFO] [MainThread] [root/bar_manager.py:93]: Successfully loaded updated config and re-initialised all bars.
2026-07-06 19:30:09,513 [INFO] [MainThread] [root/bar_manager.py:111]: Stopping HotkeyListener...
2026-07-06 19:30:09,514 [INFO] [MainThread] [root/bar_manager.py:119]: Stopping KomorebiEventListener...
2026-07-06 19:30:09,516 [INFO] [MainThread] [taskbar_window_manager/window_manager.py:205]: TaskbarWindowManager stopped
2026-07-06 19:30:10,022 [INFO] [MainThread] [root/log.py:104]: YASB v2.0.5
2026-07-06 19:30:10,023 [INFO] [CLIPipeServer] [cli_server/cli_server.py:216]: CLI server started v1.1.7
2026-07-06 19:30:10,024 [INFO] [MainThread] [cli_server/cli_server.py:106]: Log pipe server started
2026-07-06 19:30:10,612 [INFO] [MainThread] [root/service.py:52]: AudioOutputService starting...
2026-07-06 19:30:11,208 [INFO] [MainThread] [taskbar_window_manager/window_manager.py:178]: TaskbarWindowManager is starting...
2026-07-06 19:30:11,212 [INFO] [MainThread] [root/bar_manager.py:229]: Starting HotkeyListener...
2026-07-06 19:30:11,213 [INFO] [MainThread] [root/bar_manager.py:103]: Starting KomorebiEventListener...
2026-07-06 19:30:11,214 [INFO] [Dummy-6] [root/event_listener.py:54]: Created named pipe yasb-a1cfcd81-7992-11f1-95d4-c423605648a1
2026-07-06 19:30:11,215 [INFO] [MainThread] [root/watcher.py:65]: Watching directory: c:\users\akarsh\.config\yasb
2026-07-06 19:30:11,215 [INFO] [MainThread] [root/watcher.py:104]: Created file watcher
2026-07-06 19:30:11,232 [INFO] [MainThread] [root/update_service.py:434]: Background update checker started
2026-07-06 19:30:11,423 [INFO] [Dummy-6] [root/event_listener.py:147]: Komorebi connected to named pipe: yasb-a1cfcd81-7992-11f1-95d4-c423605648a1
2026-07-06 19:30:55,011 [INFO] [MainThread] [root/controller.py:21]: Reloading Application because of config change.
2026-07-06 19:30:55,125 [INFO] [MainThread] [cli_server/cli_server.py:114]: Log pipe server stopped
2026-07-06 19:30:55,136 [INFO] [MainThread] [root/bar_manager.py:93]: Successfully loaded updated config and re-initialised all bars.
2026-07-06 19:30:55,222 [INFO] [MainThread] [root/bar_manager.py:111]: Stopping HotkeyListener...
2026-07-06 19:30:55,224 [INFO] [MainThread] [root/bar_manager.py:119]: Stopping KomorebiEventListener...
2026-07-06 19:30:55,226 [INFO] [MainThread] [taskbar_window_manager/window_manager.py:205]: TaskbarWindowManager stopped
2026-07-06 19:30:55,728 [INFO] [MainThread] [root/log.py:104]: YASB v2.0.5
2026-07-06 19:30:55,730 [INFO] [CLIPipeServer] [cli_server/cli_server.py:216]: CLI server started v1.1.7
2026-07-06 19:30:55,730 [INFO] [MainThread] [cli_server/cli_server.py:106]: Log pipe server started
2026-07-06 19:30:56,314 [INFO] [MainThread] [root/service.py:52]: AudioOutputService starting...
2026-07-06 19:30:56,915 [INFO] [MainThread] [taskbar_window_manager/window_manager.py:178]: TaskbarWindowManager is starting...
2026-07-06 19:30:56,920 [INFO] [MainThread] [root/bar_manager.py:229]: Starting HotkeyListener...
2026-07-06 19:30:56,920 [INFO] [MainThread] [root/bar_manager.py:103]: Starting KomorebiEventListener...
2026-07-06 19:30:56,922 [INFO] [Dummy-6] [root/event_listener.py:54]: Created named pipe yasb-bd0e3522-7992-11f1-8ee9-c423605648a1
2026-07-06 19:30:56,922 [INFO] [MainThread] [root/watcher.py:65]: Watching directory: c:\users\akarsh\.config\yasb
2026-07-06 19:30:56,922 [INFO] [MainThread] [root/watcher.py:104]: Created file watcher
2026-07-06 19:30:56,940 [INFO] [MainThread] [root/update_service.py:434]: Background update checker started
2026-07-06 19:30:57,129 [INFO] [Dummy-6] [root/event_listener.py:147]: Komorebi connected to named pipe: yasb-bd0e3522-7992-11f1-8ee9-c423605648a1
2026-07-06 19:31:00,800 [INFO] [MainThread] [root/controller.py:21]: Reloading Application because of config change.
2026-07-06 19:31:00,901 [INFO] [MainThread] [cli_server/cli_server.py:114]: Log pipe server stopped
2026-07-06 19:31:00,911 [INFO] [MainThread] [root/bar_manager.py:93]: Successfully loaded updated config and re-initialised all bars.
2026-07-06 19:31:00,991 [INFO] [MainThread] [root/bar_manager.py:111]: Stopping HotkeyListener...
2026-07-06 19:31:00,992 [INFO] [MainThread] [root/bar_manager.py:119]: Stopping KomorebiEventListener...
2026-07-06 19:31:00,993 [INFO] [MainThread] [taskbar_window_manager/window_manager.py:205]: TaskbarWindowManager stopped
2026-07-06 19:31:01,514 [INFO] [MainThread] [root/log.py:104]: YASB v2.0.5
2026-07-06 19:31:01,515 [INFO] [CLIPipeServer] [cli_server/cli_server.py:216]: CLI server started v1.1.7
2026-07-06 19:31:01,515 [INFO] [MainThread] [cli_server/cli_server.py:106]: Log pipe server started
2026-07-06 19:31:02,103 [INFO] [MainThread] [root/service.py:52]: AudioOutputService starting...
2026-07-06 19:31:02,719 [INFO] [MainThread] [taskbar_window_manager/window_manager.py:178]: TaskbarWindowManager is starting...
2026-07-06 19:31:02,723 [INFO] [MainThread] [root/bar_manager.py:229]: Starting HotkeyListener...
2026-07-06 19:31:02,723 [INFO] [MainThread] [root/bar_manager.py:103]: Starting KomorebiEventListener...
2026-07-06 19:31:02,725 [INFO] [MainThread] [root/watcher.py:65]: Watching directory: c:\users\akarsh\.config\yasb
2026-07-06 19:31:02,725 [INFO] [MainThread] [root/watcher.py:104]: Created file watcher
2026-07-06 19:31:02,725 [INFO] [Dummy-7] [root/event_listener.py:54]: Created named pipe yasb-c083b1d6-7992-11f1-88f3-c423605648a1
2026-07-06 19:31:02,742 [INFO] [MainThread] [root/update_service.py:434]: Background update checker started
2026-07-06 19:31:02,921 [INFO] [Dummy-7] [root/event_listener.py:147]: Komorebi connected to named pipe: yasb-c083b1d6-7992-11f1-88f3-c423605648a1
2026-07-06 19:31:33,845 [INFO] [MainThread] [root/controller.py:21]: Reloading Application because of config change.
2026-07-06 19:31:33,952 [INFO] [MainThread] [cli_server/cli_server.py:114]: Log pipe server stopped
2026-07-06 19:31:33,965 [INFO] [MainThread] [root/bar_manager.py:93]: Successfully loaded updated config and re-initialised all bars.
2026-07-06 19:31:34,049 [INFO] [MainThread] [root/bar_manager.py:111]: Stopping HotkeyListener...
2026-07-06 19:31:34,051 [INFO] [MainThread] [root/bar_manager.py:119]: Stopping KomorebiEventListener...
2026-07-06 19:31:34,055 [INFO] [MainThread] [taskbar_window_manager/window_manager.py:205]: TaskbarWindowManager stopped
2026-07-06 19:31:34,581 [INFO] [MainThread] [root/log.py:104]: YASB v2.0.5
2026-07-06 19:31:34,583 [INFO] [CLIPipeServer] [cli_server/cli_server.py:216]: CLI server started v1.1.7
2026-07-06 19:31:34,583 [INFO] [MainThread] [cli_server/cli_server.py:106]: Log pipe server started
2026-07-06 19:31:35,169 [INFO] [MainThread] [root/service.py:52]: AudioOutputService starting...
2026-07-06 19:31:35,773 [INFO] [MainThread] [taskbar_window_manager/window_manager.py:178]: TaskbarWindowManager is starting...
2026-07-06 19:31:35,778 [INFO] [MainThread] [root/bar_manager.py:229]: Starting HotkeyListener...
2026-07-06 19:31:35,778 [INFO] [MainThread] [root/bar_manager.py:103]: Starting KomorebiEventListener...
2026-07-06 19:31:35,780 [INFO] [Dummy-6] [root/event_listener.py:54]: Created named pipe yasb-d43778ed-7992-11f1-9895-c423605648a1
2026-07-06 19:31:35,780 [INFO] [MainThread] [root/watcher.py:65]: Watching directory: c:\users\akarsh\.config\yasb
2026-07-06 19:31:35,780 [INFO] [MainThread] [root/watcher.py:104]: Created file watcher
2026-07-06 19:31:35,798 [INFO] [MainThread] [root/update_service.py:434]: Background update checker started
2026-07-06 19:31:35,993 [INFO] [Dummy-6] [root/event_listener.py:147]: Komorebi connected to named pipe: yasb-d43778ed-7992-11f1-9895-c423605648a1
2026-07-06 19:31:38,624 [INFO] [MainThread] [root/controller.py:21]: Reloading Application because of config change.
2026-07-06 19:31:38,736 [INFO] [MainThread] [cli_server/cli_server.py:114]: Log pipe server stopped
2026-07-06 19:31:38,747 [INFO] [MainThread] [root/bar_manager.py:93]: Successfully loaded updated config and re-initialised all bars.
2026-07-06 19:31:38,831 [INFO] [MainThread] [root/bar_manager.py:111]: Stopping HotkeyListener...
2026-07-06 19:31:38,833 [INFO] [MainThread] [root/bar_manager.py:119]: Stopping KomorebiEventListener...
2026-07-06 19:31:38,835 [INFO] [MainThread] [taskbar_window_manager/window_manager.py:205]: TaskbarWindowManager stopped
2026-07-06 19:31:39,347 [INFO] [MainThread] [root/log.py:104]: YASB v2.0.5
2026-07-06 19:31:39,348 [INFO] [CLIPipeServer] [cli_server/cli_server.py:216]: CLI server started v1.1.7
2026-07-06 19:31:39,348 [INFO] [MainThread] [cli_server/cli_server.py:106]: Log pipe server started
2026-07-06 19:31:39,944 [INFO] [MainThread] [root/service.py:52]: AudioOutputService starting...
2026-07-06 19:31:40,542 [INFO] [MainThread] [taskbar_window_manager/window_manager.py:178]: TaskbarWindowManager is starting...
2026-07-06 19:31:40,547 [INFO] [MainThread] [root/bar_manager.py:229]: Starting HotkeyListener...
2026-07-06 19:31:40,547 [INFO] [MainThread] [root/bar_manager.py:103]: Starting KomorebiEventListener...
2026-07-06 19:31:40,549 [INFO] [MainThread] [root/watcher.py:65]: Watching directory: c:\users\akarsh\.config\yasb
2026-07-06 19:31:40,549 [INFO] [MainThread] [root/watcher.py:104]: Created file watcher
2026-07-06 19:31:40,550 [INFO] [Dummy-7] [root/event_listener.py:54]: Created named pipe yasb-d70f2a52-7992-11f1-8f52-c423605648a1
2026-07-06 19:31:40,566 [INFO] [MainThread] [root/update_service.py:434]: Background update checker started
2026-07-06 19:31:40,745 [INFO] [Dummy-7] [root/event_listener.py:147]: Komorebi connected to named pipe: yasb-d70f2a52-7992-11f1-8f52-c423605648a1
2026-07-06 19:34:48,840 [ERROR] [MainThread] [root/bar_manager.py:80]: Error loading config: while scanning a double-quoted scalar
  in "C:\Users\Akarsh\.config\yasb\config.yaml", line 481, column 38
expected escape sequence of 8 hexadecimal numbers, but found '+'
  in "C:\Users\Akarsh\.config\yasb\config.yaml", line 481, column 41
2026-07-06 19:35:03,682 [INFO] [MainThread] [root/controller.py:21]: Reloading Application because of config change.
2026-07-06 19:35:03,784 [INFO] [MainThread] [cli_server/cli_server.py:114]: Log pipe server stopped
2026-07-06 19:35:03,795 [INFO] [MainThread] [root/bar_manager.py:93]: Successfully loaded updated config and re-initialised all bars.
2026-07-06 19:35:03,884 [INFO] [MainThread] [root/bar_manager.py:111]: Stopping HotkeyListener...
2026-07-06 19:35:03,886 [INFO] [MainThread] [root/bar_manager.py:119]: Stopping KomorebiEventListener...
2026-07-06 19:35:03,888 [INFO] [MainThread] [taskbar_window_manager/window_manager.py:205]: TaskbarWindowManager stopped
